<?xml version="1.0" encoding="UTF-8"?>
<!-- Generated by org.testng.reporters.JUnitReportReporter -->
<testsuite hostname="ARUN" failures="0" tests="1" name="com.learnautomation.testcases.LoginTestFB" time="18.579" errors="0" timestamp="2020-09-02T13:32:10 IST" skipped="0">
  <testcase classname="com.learnautomation.testcases.LoginTestFB" name="loginApp" time="18.579"/>
  <system-out/>
</testsuite> <!-- com.learnautomation.testcases.LoginTestFB -->
