<?xml version="1.0" encoding="UTF-8"?>
<!-- Generated by org.testng.reporters.JUnitReportReporter -->
<testsuite hostname="ARUN" failures="0" tests="1" name="com.learnautomation.testcases.LoginTestFB" time="13.879" errors="0" timestamp="2020-09-05T09:46:41 IST" skipped="0">
  <testcase classname="com.learnautomation.testcases.LoginTestFB" name="loginApp" time="13.879"/>
  <system-out/>
</testsuite> <!-- com.learnautomation.testcases.LoginTestFB -->
